<?xml version="1.0" encoding="UTF-8"?>
<!-- Generated by org.testng.reporters.JUnitReportReporter -->
<testsuite skipped="0" hostname="LAPTOP-S5M35NOQ" name="dataDriven.WriteDataToExcel" tests="1" failures="0" timestamp="30 Jan 2021 07:13:02 GMT" time="10.512" errors="0">
  <testcase name="testData" time="10.512" classname="dataDriven.WriteDataToExcel"/>
</testsuite> <!-- dataDriven.WriteDataToExcel -->
