<?xml version="1.0" encoding="UTF-8"?>
<!-- Generated by org.testng.reporters.JUnitReportReporter -->
<testsuite skipped="0" hostname="LAPTOP-S5M35NOQ" name="test.EngineTest" tests="1" failures="0" timestamp="2020-11-14T22:00:50 IST" time="23.585" errors="0">
  <testcase name="LoginTest" time="23.585" classname="test.EngineTest"/>
</testsuite> <!-- test.EngineTest -->
